  CrankNicolson.cpp
D:\Uni\Computational Physics\Computational_Physics_v24\Quantum_Mechanics\include\params.cpp(1,13): warning C4081: expected 'newline'; found ';'
  (compiling source file '../src/CrankNicolson.cpp')
  
D:\Uni\Computational Physics\Computational_Physics_v24\Quantum_Mechanics\src\CrankNicolson.cpp(10,11): warning C4244: 'initializing': conversion from 'const arma::uword' to 'int', possible loss of data
D:\Uni\Computational Physics\Computational_Physics_v24\Quantum_Mechanics\src\CrankNicolson.cpp(52,11): warning C4244: 'initializing': conversion from 'const arma::uword' to 'int', possible loss of data
  functions.cpp
D:\Uni\Computational Physics\Computational_Physics_v24\Quantum_Mechanics\include\params.cpp(1,13): warning C4081: expected 'newline'; found ';'
  (compiling source file '../src/functions.cpp')
  
D:\Uni\Computational Physics\Computational_Physics_v24\Quantum_Mechanics\include\Tridiagonal.hpp(14,16): error C2061: syntax error: identifier 'EVPsol'
  (compiling source file '../src/functions.cpp')
  
D:\Uni\Computational Physics\Computational_Physics_v24\Quantum_Mechanics\include\Hamiltonian.hpp(7,9): error C3646: 'sol': unknown override specifier
  (compiling source file '../src/functions.cpp')
  
D:\Uni\Computational Physics\Computational_Physics_v24\Quantum_Mechanics\include\Hamiltonian.hpp(7,12): error C4430: missing type specifier - int assumed. Note: C++ does not support default-int
  (compiling source file '../src/functions.cpp')
  
D:\Uni\Computational Physics\Computational_Physics_v24\Quantum_Mechanics\include\Hamiltonian.hpp(12,14): error C2061: syntax error: identifier 'EVPsol'
  (compiling source file '../src/functions.cpp')
  
D:\Uni\Computational Physics\Computational_Physics_v24\Quantum_Mechanics\include\Hamiltonian.hpp(12,2): error C2535: 'Hamiltonian::Hamiltonian(void)': member function already defined or declared
  (compiling source file '../src/functions.cpp')
  D:\Uni\Computational Physics\Computational_Physics_v24\Quantum_Mechanics\include\Hamiltonian.hpp(10,2):
  see declaration of 'Hamiltonian::Hamiltonian'
  
D:\Uni\Computational Physics\Computational_Physics_v24\Quantum_Mechanics\include\Hamiltonian.hpp(16,23): error C2061: syntax error: identifier 'EVPsol'
  (compiling source file '../src/functions.cpp')
  
D:\Uni\Computational Physics\Computational_Physics_v24\Quantum_Mechanics\include\Hamiltonian.hpp(16,2): error C2535: 'Hamiltonian::Hamiltonian(arma::vec)': member function already defined or declared
  (compiling source file '../src/functions.cpp')
  D:\Uni\Computational Physics\Computational_Physics_v24\Quantum_Mechanics\include\Hamiltonian.hpp(15,2):
  see declaration of 'Hamiltonian::Hamiltonian'
  
D:\Uni\Computational Physics\Computational_Physics_v24\Quantum_Mechanics\include\Hamiltonian.hpp(20,9): error C3646: 'getSol': unknown override specifier
  (compiling source file '../src/functions.cpp')
  
D:\Uni\Computational Physics\Computational_Physics_v24\Quantum_Mechanics\include\Hamiltonian.hpp(20,15): error C2059: syntax error: '('
  (compiling source file '../src/functions.cpp')
  
D:\Uni\Computational Physics\Computational_Physics_v24\Quantum_Mechanics\include\Hamiltonian.hpp(20,17): error C2238: unexpected token(s) preceding ';'
  (compiling source file '../src/functions.cpp')
  
D:\Uni\Computational Physics\Computational_Physics_v24\Quantum_Mechanics\src\functions.cpp(83,8): warning C4244: 'initializing': conversion from 'arma::uword' to 'int', possible loss of data
  Hamiltonian.cpp
D:\Uni\Computational Physics\Computational_Physics_v24\Quantum_Mechanics\include\params.cpp(1,13): warning C4081: expected 'newline'; found ';'
  (compiling source file '../src/Hamiltonian.cpp')
  
  Tridiagonal.cpp
D:\Uni\Computational Physics\Computational_Physics_v24\Quantum_Mechanics\include\params.cpp(1,13): warning C4081: expected 'newline'; found ';'
  (compiling source file '../src/Tridiagonal.cpp')
  
D:\Uni\Computational Physics\Computational_Physics_v24\Quantum_Mechanics\include\Hamiltonian.hpp(6,20): error C3646: 'H': unknown override specifier
  (compiling source file '../src/Tridiagonal.cpp')
  
D:\Uni\Computational Physics\Computational_Physics_v24\Quantum_Mechanics\include\Hamiltonian.hpp(6,21): error C4430: missing type specifier - int assumed. Note: C++ does not support default-int
  (compiling source file '../src/Tridiagonal.cpp')
  
D:\Uni\Computational Physics\Computational_Physics_v24\Quantum_Mechanics\include\Hamiltonian.hpp(7,9): error C3646: 'sol': unknown override specifier
  (compiling source file '../src/Tridiagonal.cpp')
  
D:\Uni\Computational Physics\Computational_Physics_v24\Quantum_Mechanics\include\Hamiltonian.hpp(7,12): error C4430: missing type specifier - int assumed. Note: C++ does not support default-int
  (compiling source file '../src/Tridiagonal.cpp')
  
D:\Uni\Computational Physics\Computational_Physics_v24\Quantum_Mechanics\include\Hamiltonian.hpp(8,6): error C3646: 'V': unknown override specifier
  (compiling source file '../src/Tridiagonal.cpp')
  
D:\Uni\Computational Physics\Computational_Physics_v24\Quantum_Mechanics\include\Hamiltonian.hpp(8,7): error C4430: missing type specifier - int assumed. Note: C++ does not support default-int
  (compiling source file '../src/Tridiagonal.cpp')
  
D:\Uni\Computational Physics\Computational_Physics_v24\Quantum_Mechanics\include\Hamiltonian.hpp(12,14): error C2061: syntax error: identifier 'EVPsol'
  (compiling source file '../src/Tridiagonal.cpp')
  
D:\Uni\Computational Physics\Computational_Physics_v24\Quantum_Mechanics\include\Hamiltonian.hpp(12,2): error C2535: 'Hamiltonian::Hamiltonian(void)': member function already defined or declared
  (compiling source file '../src/Tridiagonal.cpp')
  D:\Uni\Computational Physics\Computational_Physics_v24\Quantum_Mechanics\include\Hamiltonian.hpp(10,2):
  see declaration of 'Hamiltonian::Hamiltonian'
  
D:\Uni\Computational Physics\Computational_Physics_v24\Quantum_Mechanics\include\Hamiltonian.hpp(13,14): error C2061: syntax error: identifier 'string'
  (compiling source file '../src/Tridiagonal.cpp')
  
D:\Uni\Computational Physics\Computational_Physics_v24\Quantum_Mechanics\include\Hamiltonian.hpp(13,2): error C2535: 'Hamiltonian::Hamiltonian(void)': member function already defined or declared
  (compiling source file '../src/Tridiagonal.cpp')
  D:\Uni\Computational Physics\Computational_Physics_v24\Quantum_Mechanics\include\Hamiltonian.hpp(10,2):
  see declaration of 'Hamiltonian::Hamiltonian'
  
D:\Uni\Computational Physics\Computational_Physics_v24\Quantum_Mechanics\include\Hamiltonian.hpp(15,14): error C2061: syntax error: identifier 'vec'
  (compiling source file '../src/Tridiagonal.cpp')
  
D:\Uni\Computational Physics\Computational_Physics_v24\Quantum_Mechanics\include\Hamiltonian.hpp(15,2): error C2535: 'Hamiltonian::Hamiltonian(void)': member function already defined or declared
  (compiling source file '../src/Tridiagonal.cpp')
  D:\Uni\Computational Physics\Computational_Physics_v24\Quantum_Mechanics\include\Hamiltonian.hpp(10,2):
  see declaration of 'Hamiltonian::Hamiltonian'
  
D:\Uni\Computational Physics\Computational_Physics_v24\Quantum_Mechanics\include\Hamiltonian.hpp(16,14): error C2061: syntax error: identifier 'vec'
  (compiling source file '../src/Tridiagonal.cpp')
  
D:\Uni\Computational Physics\Computational_Physics_v24\Quantum_Mechanics\include\Hamiltonian.hpp(16,2): error C2535: 'Hamiltonian::Hamiltonian(void)': member function already defined or declared
  (compiling source file '../src/Tridiagonal.cpp')
  D:\Uni\Computational Physics\Computational_Physics_v24\Quantum_Mechanics\include\Hamiltonian.hpp(10,2):
  see declaration of 'Hamiltonian::Hamiltonian'
  
D:\Uni\Computational Physics\Computational_Physics_v24\Quantum_Mechanics\include\Hamiltonian.hpp(18,20): error C3646: 'getH': unknown override specifier
  (compiling source file '../src/Tridiagonal.cpp')
  
D:\Uni\Computational Physics\Computational_Physics_v24\Quantum_Mechanics\include\Hamiltonian.hpp(18,24): error C2059: syntax error: '('
  (compiling source file '../src/Tridiagonal.cpp')
  
D:\Uni\Computational Physics\Computational_Physics_v24\Quantum_Mechanics\include\Hamiltonian.hpp(18,27): error C2334: unexpected token(s) preceding '{'; skipping apparent function body
  (compiling source file '../src/Tridiagonal.cpp')
  
D:\Uni\Computational Physics\Computational_Physics_v24\Quantum_Mechanics\include\Hamiltonian.hpp(20,9): error C3646: 'getSol': unknown override specifier
  (compiling source file '../src/Tridiagonal.cpp')
  
D:\Uni\Computational Physics\Computational_Physics_v24\Quantum_Mechanics\include\Hamiltonian.hpp(20,15): error C2059: syntax error: '('
  (compiling source file '../src/Tridiagonal.cpp')
  
D:\Uni\Computational Physics\Computational_Physics_v24\Quantum_Mechanics\include\Hamiltonian.hpp(20,17): error C2238: unexpected token(s) preceding ';'
  (compiling source file '../src/Tridiagonal.cpp')
  
D:\Uni\Computational Physics\Computational_Physics_v24\Quantum_Mechanics\include\Hamiltonian.hpp(21,6): error C3646: 'getV': unknown override specifier
  (compiling source file '../src/Tridiagonal.cpp')
  
D:\Uni\Computational Physics\Computational_Physics_v24\Quantum_Mechanics\include\Hamiltonian.hpp(21,10): error C2059: syntax error: '('
  (compiling source file '../src/Tridiagonal.cpp')
  
D:\Uni\Computational Physics\Computational_Physics_v24\Quantum_Mechanics\include\Hamiltonian.hpp(21,12): error C2238: unexpected token(s) preceding ';'
  (compiling source file '../src/Tridiagonal.cpp')
  
D:\Uni\Computational Physics\Computational_Physics_v24\Quantum_Mechanics\include\Hamiltonian.hpp(22,14): error C2061: syntax error: identifier 'string'
  (compiling source file '../src/Tridiagonal.cpp')
  
D:\Uni\Computational Physics\Computational_Physics_v24\Quantum_Mechanics\include\Hamiltonian.hpp(25,6): error C2143: syntax error: missing ';' before '*'
  (compiling source file '../src/Tridiagonal.cpp')
  
D:\Uni\Computational Physics\Computational_Physics_v24\Quantum_Mechanics\include\Hamiltonian.hpp(25,15): error C4430: missing type specifier - int assumed. Note: C++ does not support default-int
  (compiling source file '../src/Tridiagonal.cpp')
  
D:\Uni\Computational Physics\Computational_Physics_v24\Quantum_Mechanics\include\Hamiltonian.hpp(25,25): error C4430: missing type specifier - int assumed. Note: C++ does not support default-int
  (compiling source file '../src/Tridiagonal.cpp')
  
D:\Uni\Computational Physics\Computational_Physics_v24\Quantum_Mechanics\include\Hamiltonian.hpp(25,25): error C2143: syntax error: missing ',' before '&'
  (compiling source file '../src/Tridiagonal.cpp')
  
D:\Uni\Computational Physics\Computational_Physics_v24\Quantum_Mechanics\include\Hamiltonian.hpp(25,35): error C4430: missing type specifier - int assumed. Note: C++ does not support default-int
  (compiling source file '../src/Tridiagonal.cpp')
  
D:\Uni\Computational Physics\Computational_Physics_v24\Quantum_Mechanics\include\Hamiltonian.hpp(26,6): error C2143: syntax error: missing ';' before '*'
  (compiling source file '../src/Tridiagonal.cpp')
  
D:\Uni\Computational Physics\Computational_Physics_v24\Quantum_Mechanics\include\Hamiltonian.hpp(26,15): error C4430: missing type specifier - int assumed. Note: C++ does not support default-int
  (compiling source file '../src/Tridiagonal.cpp')
  
D:\Uni\Computational Physics\Computational_Physics_v24\Quantum_Mechanics\include\Hamiltonian.hpp(26,25): error C4430: missing type specifier - int assumed. Note: C++ does not support default-int
  (compiling source file '../src/Tridiagonal.cpp')
  
D:\Uni\Computational Physics\Computational_Physics_v24\Quantum_Mechanics\include\Hamiltonian.hpp(26,25): error C2143: syntax error: missing ',' before '&'
  (compiling source file '../src/Tridiagonal.cpp')
  
D:\Uni\Computational Physics\Computational_Physics_v24\Quantum_Mechanics\include\Hamiltonian.hpp(26,35): error C4430: missing type specifier - int assumed. Note: C++ does not support default-int
  (compiling source file '../src/Tridiagonal.cpp')
  
D:\Uni\Computational Physics\Computational_Physics_v24\Quantum_Mechanics\include\Hamiltonian.hpp(26,6): error C2535: 'int Hamiltonian::operator *(const int) const': member function already defined or declared
  (compiling source file '../src/Tridiagonal.cpp')
  D:\Uni\Computational Physics\Computational_Physics_v24\Quantum_Mechanics\include\Hamiltonian.hpp(25,6):
  see declaration of 'Hamiltonian::operator *'
  
D:\Uni\Computational Physics\Computational_Physics_v24\Quantum_Mechanics\include\Hamiltonian.hpp(28,16): error C2143: syntax error: missing ';' before '&'
  (compiling source file '../src/Tridiagonal.cpp')
  
D:\Uni\Computational Physics\Computational_Physics_v24\Quantum_Mechanics\include\Hamiltonian.hpp(28,9): error C2433: 'ostream': 'friend' not permitted on data declarations
  (compiling source file '../src/Tridiagonal.cpp')
  
D:\Uni\Computational Physics\Computational_Physics_v24\Quantum_Mechanics\include\Hamiltonian.hpp(28,16): error C4430: missing type specifier - int assumed. Note: C++ does not support default-int
  (compiling source file '../src/Tridiagonal.cpp')
  
D:\Uni\Computational Physics\Computational_Physics_v24\Quantum_Mechanics\include\Hamiltonian.hpp(28,64): error C2238: unexpected token(s) preceding ';'
  (compiling source file '../src/Tridiagonal.cpp')
  
D:\Uni\Computational Physics\Computational_Physics_v24\Quantum_Mechanics\include\Hamiltonian.hpp(31,21): error C2065: 'vec': undeclared identifier
  (compiling source file '../src/Tridiagonal.cpp')
  
D:\Uni\Computational Physics\Computational_Physics_v24\Quantum_Mechanics\include\Hamiltonian.hpp(31,25): error C2146: syntax error: missing ')' before identifier 'g'
  (compiling source file '../src/Tridiagonal.cpp')
  
D:\Uni\Computational Physics\Computational_Physics_v24\Quantum_Mechanics\src\Tridiagonal.cpp(10,8): warning C4244: 'initializing': conversion from 'const arma::uword' to 'int', possible loss of data
D:\Uni\Computational Physics\Computational_Physics_v24\Quantum_Mechanics\src\Tridiagonal.cpp(48,8): warning C4244: 'initializing': conversion from 'const arma::uword' to 'int', possible loss of data
  TwoLevelHamiltonian.cpp
  WaveFunction.cpp
D:\Uni\Computational Physics\Computational_Physics_v24\Quantum_Mechanics\include\params.cpp(1,13): warning C4081: expected 'newline'; found ';'
  (compiling source file '../src/WaveFunction.cpp')
  
D:\Uni\Computational Physics\Computational_Physics_v24\Quantum_Mechanics\include\Tridiagonal.hpp(14,16): error C2061: syntax error: identifier 'EVPsol'
  (compiling source file '../src/WaveFunction.cpp')
  
D:\Uni\Computational Physics\Computational_Physics_v24\Quantum_Mechanics\include\Hamiltonian.hpp(7,9): error C3646: 'sol': unknown override specifier
  (compiling source file '../src/WaveFunction.cpp')
  
D:\Uni\Computational Physics\Computational_Physics_v24\Quantum_Mechanics\include\Hamiltonian.hpp(7,12): error C4430: missing type specifier - int assumed. Note: C++ does not support default-int
  (compiling source file '../src/WaveFunction.cpp')
  
D:\Uni\Computational Physics\Computational_Physics_v24\Quantum_Mechanics\include\Hamiltonian.hpp(12,14): error C2061: syntax error: identifier 'EVPsol'
  (compiling source file '../src/WaveFunction.cpp')
  
D:\Uni\Computational Physics\Computational_Physics_v24\Quantum_Mechanics\include\Hamiltonian.hpp(12,2): error C2535: 'Hamiltonian::Hamiltonian(void)': member function already defined or declared
  (compiling source file '../src/WaveFunction.cpp')
  D:\Uni\Computational Physics\Computational_Physics_v24\Quantum_Mechanics\include\Hamiltonian.hpp(10,2):
  see declaration of 'Hamiltonian::Hamiltonian'
  
D:\Uni\Computational Physics\Computational_Physics_v24\Quantum_Mechanics\include\Hamiltonian.hpp(16,23): error C2061: syntax error: identifier 'EVPsol'
  (compiling source file '../src/WaveFunction.cpp')
  
D:\Uni\Computational Physics\Computational_Physics_v24\Quantum_Mechanics\include\Hamiltonian.hpp(16,2): error C2535: 'Hamiltonian::Hamiltonian(arma::vec)': member function already defined or declared
  (compiling source file '../src/WaveFunction.cpp')
  D:\Uni\Computational Physics\Computational_Physics_v24\Quantum_Mechanics\include\Hamiltonian.hpp(15,2):
  see declaration of 'Hamiltonian::Hamiltonian'
  
D:\Uni\Computational Physics\Computational_Physics_v24\Quantum_Mechanics\include\Hamiltonian.hpp(20,9): error C3646: 'getSol': unknown override specifier
  (compiling source file '../src/WaveFunction.cpp')
  
D:\Uni\Computational Physics\Computational_Physics_v24\Quantum_Mechanics\include\Hamiltonian.hpp(20,15): error C2059: syntax error: '('
  (compiling source file '../src/WaveFunction.cpp')
  
D:\Uni\Computational Physics\Computational_Physics_v24\Quantum_Mechanics\include\Hamiltonian.hpp(20,17): error C2238: unexpected token(s) preceding ';'
  (compiling source file '../src/WaveFunction.cpp')
  
D:\Uni\Computational Physics\Computational_Physics_v24\Quantum_Mechanics\src\WaveFunction.cpp(29,8): warning C4244: 'initializing': conversion from 'const arma::uword' to 'int', possible loss of data
D:\Uni\Computational Physics\Computational_Physics_v24\Quantum_Mechanics\src\WaveFunction.cpp(52,8): warning C4244: 'initializing': conversion from 'const arma::uword' to 'int', possible loss of data
  Quantum_Mechanics.cpp
D:\Uni\Computational Physics\Computational_Physics_v24\Quantum_Mechanics\include\params.cpp(1,13): warning C4081: expected 'newline'; found ';'
  (compiling source file 'Quantum_Mechanics.cpp')
  
D:\Uni\Computational Physics\Computational_Physics_v24\Quantum_Mechanics\include\Tridiagonal.hpp(14,16): error C2061: syntax error: identifier 'EVPsol'
  (compiling source file 'Quantum_Mechanics.cpp')
  
D:\Uni\Computational Physics\Computational_Physics_v24\Quantum_Mechanics\include\Hamiltonian.hpp(7,9): error C3646: 'sol': unknown override specifier
  (compiling source file 'Quantum_Mechanics.cpp')
  
D:\Uni\Computational Physics\Computational_Physics_v24\Quantum_Mechanics\include\Hamiltonian.hpp(7,12): error C4430: missing type specifier - int assumed. Note: C++ does not support default-int
  (compiling source file 'Quantum_Mechanics.cpp')
  
D:\Uni\Computational Physics\Computational_Physics_v24\Quantum_Mechanics\include\Hamiltonian.hpp(12,14): error C2061: syntax error: identifier 'EVPsol'
  (compiling source file 'Quantum_Mechanics.cpp')
  
D:\Uni\Computational Physics\Computational_Physics_v24\Quantum_Mechanics\include\Hamiltonian.hpp(12,2): error C2535: 'Hamiltonian::Hamiltonian(void)': member function already defined or declared
  (compiling source file 'Quantum_Mechanics.cpp')
  D:\Uni\Computational Physics\Computational_Physics_v24\Quantum_Mechanics\include\Hamiltonian.hpp(10,2):
  see declaration of 'Hamiltonian::Hamiltonian'
  
D:\Uni\Computational Physics\Computational_Physics_v24\Quantum_Mechanics\include\Hamiltonian.hpp(16,23): error C2061: syntax error: identifier 'EVPsol'
  (compiling source file 'Quantum_Mechanics.cpp')
  
D:\Uni\Computational Physics\Computational_Physics_v24\Quantum_Mechanics\include\Hamiltonian.hpp(16,2): error C2535: 'Hamiltonian::Hamiltonian(arma::vec)': member function already defined or declared
  (compiling source file 'Quantum_Mechanics.cpp')
  D:\Uni\Computational Physics\Computational_Physics_v24\Quantum_Mechanics\include\Hamiltonian.hpp(15,2):
  see declaration of 'Hamiltonian::Hamiltonian'
  
D:\Uni\Computational Physics\Computational_Physics_v24\Quantum_Mechanics\include\Hamiltonian.hpp(20,9): error C3646: 'getSol': unknown override specifier
  (compiling source file 'Quantum_Mechanics.cpp')
  
D:\Uni\Computational Physics\Computational_Physics_v24\Quantum_Mechanics\include\Hamiltonian.hpp(20,15): error C2059: syntax error: '('
  (compiling source file 'Quantum_Mechanics.cpp')
  
D:\Uni\Computational Physics\Computational_Physics_v24\Quantum_Mechanics\include\Hamiltonian.hpp(20,17): error C2238: unexpected token(s) preceding ';'
  (compiling source file 'Quantum_Mechanics.cpp')
  
D:\Uni\Computational Physics\Computational_Physics_v24\Quantum_Mechanics\Quantum_Mechanics\Quantum_Mechanics.cpp(219,13): error C2039: 'getSol': is not a member of 'Hamiltonian'
  D:\Uni\Computational Physics\Computational_Physics_v24\Quantum_Mechanics\include\Hamiltonian.hpp(5,7):
  see declaration of 'Hamiltonian'
  
D:\Uni\Computational Physics\Computational_Physics_v24\Quantum_Mechanics\Quantum_Mechanics\Quantum_Mechanics.cpp(220,13): error C2039: 'getSol': is not a member of 'Hamiltonian'
  D:\Uni\Computational Physics\Computational_Physics_v24\Quantum_Mechanics\include\Hamiltonian.hpp(5,7):
  see declaration of 'Hamiltonian'
  
  Generating Code...
